C:\Program Files (x86)\Microsoft Visual Studio\2017\Enterprise\Common7\IDE\VC\VCTargets\Microsoft.CppBuild.targets(376,5): warning MSB8004: Intermediate 目錄結尾不是結尾斜線。這個建置執行個體將會加入此斜線，因為這樣才能正確評估 Intermediate 目錄。
C:\Program Files (x86)\Microsoft Visual Studio\2017\Enterprise\Common7\IDE\VC\VCTargets\Microsoft.CppBuild.targets(377,5): warning MSB8004: Output 目錄結尾不是結尾斜線。這個建置執行個體將會加入此斜線，因為這樣才能正確評估 Output 目錄。
  main.cpp
c:\users\evanw\onedrive\桌面\blackjack\bj\source\main.cpp(71): warning C4473: 'printf' : 傳遞給格式字串的引數不足
  c:\users\evanw\onedrive\桌面\blackjack\bj\source\main.cpp(71): note: 預留位置及其參數需要 9 個 variadic 引數，但卻提供了 8 個
  c:\users\evanw\onedrive\桌面\blackjack\bj\source\main.cpp(71): note: 缺少 variadic 引數 9 (其為格式字串 '%c' 所需)
c:\users\evanw\onedrive\桌面\blackjack\bj\source\main.cpp(44): warning C4101: 'choice1': 未參考的區域變數
c:\users\evanw\onedrive\桌面\blackjack\bj\source\main.cpp(98): warning C4996: 'scanf': This function or variable may be unsafe. Consider using scanf_s instead. To disable deprecation, use _CRT_SECURE_NO_WARNINGS. See online help for details.
  c:\program files (x86)\windows kits\10\include\10.0.17763.0\ucrt\stdio.h(1274): note: 請參閱 'scanf' 的宣告
c:\users\evanw\onedrive\桌面\blackjack\bj\source\main.cpp(104): warning C4996: 'scanf': This function or variable may be unsafe. Consider using scanf_s instead. To disable deprecation, use _CRT_SECURE_NO_WARNINGS. See online help for details.
  c:\program files (x86)\windows kits\10\include\10.0.17763.0\ucrt\stdio.h(1274): note: 請參閱 'scanf' 的宣告
c:\users\evanw\onedrive\桌面\blackjack\bj\source\main.cpp(115): warning C4996: 'scanf': This function or variable may be unsafe. Consider using scanf_s instead. To disable deprecation, use _CRT_SECURE_NO_WARNINGS. See online help for details.
  c:\program files (x86)\windows kits\10\include\10.0.17763.0\ucrt\stdio.h(1274): note: 請參閱 'scanf' 的宣告
c:\users\evanw\onedrive\桌面\blackjack\bj\source\main.cpp(119): warning C4996: 'scanf': This function or variable may be unsafe. Consider using scanf_s instead. To disable deprecation, use _CRT_SECURE_NO_WARNINGS. See online help for details.
  c:\program files (x86)\windows kits\10\include\10.0.17763.0\ucrt\stdio.h(1274): note: 請參閱 'scanf' 的宣告
c:\users\evanw\onedrive\桌面\blackjack\bj\source\main.cpp(189): warning C4996: 'scanf': This function or variable may be unsafe. Consider using scanf_s instead. To disable deprecation, use _CRT_SECURE_NO_WARNINGS. See online help for details.
  c:\program files (x86)\windows kits\10\include\10.0.17763.0\ucrt\stdio.h(1274): note: 請參閱 'scanf' 的宣告
c:\users\evanw\onedrive\桌面\blackjack\bj\source\main.cpp(195): warning C4996: 'scanf': This function or variable may be unsafe. Consider using scanf_s instead. To disable deprecation, use _CRT_SECURE_NO_WARNINGS. See online help for details.
  c:\program files (x86)\windows kits\10\include\10.0.17763.0\ucrt\stdio.h(1274): note: 請參閱 'scanf' 的宣告
c:\users\evanw\onedrive\桌面\blackjack\bj\source\main.cpp(163): warning C4101: 'choice2': 未參考的區域變數
c:\users\evanw\onedrive\桌面\blackjack\bj\source\main.cpp(558): warning C4996: 'scanf': This function or variable may be unsafe. Consider using scanf_s instead. To disable deprecation, use _CRT_SECURE_NO_WARNINGS. See online help for details.
  c:\program files (x86)\windows kits\10\include\10.0.17763.0\ucrt\stdio.h(1274): note: 請參閱 'scanf' 的宣告
c:\users\evanw\onedrive\桌面\blackjack\bj\source\main.cpp(588): warning C4996: 'kbhit': The POSIX name for this item is deprecated. Instead, use the ISO C and C++ conformant name: _kbhit. See online help for details.
  c:\program files (x86)\windows kits\10\include\10.0.17763.0\ucrt\conio.h(459): note: 請參閱 'kbhit' 的宣告
c:\users\evanw\onedrive\桌面\blackjack\bj\source\main.cpp(624): warning C4996: 'kbhit': The POSIX name for this item is deprecated. Instead, use the ISO C and C++ conformant name: _kbhit. See online help for details.
  c:\program files (x86)\windows kits\10\include\10.0.17763.0\ucrt\conio.h(459): note: 請參閱 'kbhit' 的宣告
c:\users\evanw\onedrive\桌面\blackjack\bj\source\main.cpp(542): warning C4101: 'a': 未參考的區域變數
c:\users\evanw\onedrive\桌面\blackjack\bj\source\main.cpp(784): warning C4996: 'scanf': This function or variable may be unsafe. Consider using scanf_s instead. To disable deprecation, use _CRT_SECURE_NO_WARNINGS. See online help for details.
  c:\program files (x86)\windows kits\10\include\10.0.17763.0\ucrt\stdio.h(1274): note: 請參閱 'scanf' 的宣告
c:\users\evanw\onedrive\桌面\blackjack\bj\source\main.cpp(790): warning C4996: 'scanf': This function or variable may be unsafe. Consider using scanf_s instead. To disable deprecation, use _CRT_SECURE_NO_WARNINGS. See online help for details.
  c:\program files (x86)\windows kits\10\include\10.0.17763.0\ucrt\stdio.h(1274): note: 請參閱 'scanf' 的宣告
c:\users\evanw\onedrive\桌面\blackjack\bj\source\main.cpp(802): warning C4996: 'scanf': This function or variable may be unsafe. Consider using scanf_s instead. To disable deprecation, use _CRT_SECURE_NO_WARNINGS. See online help for details.
  c:\program files (x86)\windows kits\10\include\10.0.17763.0\ucrt\stdio.h(1274): note: 請參閱 'scanf' 的宣告
c:\users\evanw\onedrive\桌面\blackjack\bj\source\main.cpp(808): warning C4996: 'scanf': This function or variable may be unsafe. Consider using scanf_s instead. To disable deprecation, use _CRT_SECURE_NO_WARNINGS. See online help for details.
  c:\program files (x86)\windows kits\10\include\10.0.17763.0\ucrt\stdio.h(1274): note: 請參閱 'scanf' 的宣告
c:\users\evanw\onedrive\桌面\blackjack\bj\source\main.cpp(831): warning C4996: 'fopen': This function or variable may be unsafe. Consider using fopen_s instead. To disable deprecation, use _CRT_SECURE_NO_WARNINGS. See online help for details.
  c:\program files (x86)\windows kits\10\include\10.0.17763.0\ucrt\stdio.h(208): note: 請參閱 'fopen' 的宣告
  bbjj.vcxproj -> C:\Users\evanw\OneDrive\桌面\blackjack\bj\bbjj\bbjj\..\..\temp\debug\bbjj.exe
