C:\Program Files (x86)\Microsoft Visual Studio\2017\Enterprise\Common7\IDE\VC\VCTargets\Microsoft.CppBuild.targets(376,5): warning MSB8004: Intermediate 目錄結尾不是結尾斜線。這個建置執行個體將會加入此斜線，因為這樣才能正確評估 Intermediate 目錄。
C:\Program Files (x86)\Microsoft Visual Studio\2017\Enterprise\Common7\IDE\VC\VCTargets\Microsoft.CppBuild.targets(377,5): warning MSB8004: Output 目錄結尾不是結尾斜線。這個建置執行個體將會加入此斜線，因為這樣才能正確評估 Output 目錄。
  Main.cpp
c:\users\yao\downloads\blackjack-wzy\blackjack-wzy\bjwzy\source\main.cpp(57): warning C4244: '正在初始化': 將 'time_t' 轉換為 'unsigned int'，由於類型不同，可能導致資料遺失
c:\users\yao\downloads\blackjack-wzy\blackjack-wzy\bjwzy\source\main.cpp(63): warning C4101: 'choice1': 未參考的區域變數
c:\users\yao\downloads\blackjack-wzy\blackjack-wzy\bjwzy\source\main.cpp(98): warning C4996: 'scanf': This function or variable may be unsafe. Consider using scanf_s instead. To disable deprecation, use _CRT_SECURE_NO_WARNINGS. See online help for details.
  c:\program files (x86)\windows kits\10\include\10.0.17763.0\ucrt\stdio.h(1274): note: 請參閱 'scanf' 的宣告
c:\users\yao\downloads\blackjack-wzy\blackjack-wzy\bjwzy\source\main.cpp(104): warning C4996: 'scanf': This function or variable may be unsafe. Consider using scanf_s instead. To disable deprecation, use _CRT_SECURE_NO_WARNINGS. See online help for details.
  c:\program files (x86)\windows kits\10\include\10.0.17763.0\ucrt\stdio.h(1274): note: 請參閱 'scanf' 的宣告
c:\users\yao\downloads\blackjack-wzy\blackjack-wzy\bjwzy\source\main.cpp(115): warning C4996: 'scanf': This function or variable may be unsafe. Consider using scanf_s instead. To disable deprecation, use _CRT_SECURE_NO_WARNINGS. See online help for details.
  c:\program files (x86)\windows kits\10\include\10.0.17763.0\ucrt\stdio.h(1274): note: 請參閱 'scanf' 的宣告
c:\users\yao\downloads\blackjack-wzy\blackjack-wzy\bjwzy\source\main.cpp(119): warning C4996: 'scanf': This function or variable may be unsafe. Consider using scanf_s instead. To disable deprecation, use _CRT_SECURE_NO_WARNINGS. See online help for details.
  c:\program files (x86)\windows kits\10\include\10.0.17763.0\ucrt\stdio.h(1274): note: 請參閱 'scanf' 的宣告
c:\users\yao\downloads\blackjack-wzy\blackjack-wzy\bjwzy\source\main.cpp(189): warning C4996: 'scanf': This function or variable may be unsafe. Consider using scanf_s instead. To disable deprecation, use _CRT_SECURE_NO_WARNINGS. See online help for details.
  c:\program files (x86)\windows kits\10\include\10.0.17763.0\ucrt\stdio.h(1274): note: 請參閱 'scanf' 的宣告
c:\users\yao\downloads\blackjack-wzy\blackjack-wzy\bjwzy\source\main.cpp(195): warning C4996: 'scanf': This function or variable may be unsafe. Consider using scanf_s instead. To disable deprecation, use _CRT_SECURE_NO_WARNINGS. See online help for details.
  c:\program files (x86)\windows kits\10\include\10.0.17763.0\ucrt\stdio.h(1274): note: 請參閱 'scanf' 的宣告
c:\users\yao\downloads\blackjack-wzy\blackjack-wzy\bjwzy\source\main.cpp(163): warning C4101: 'choice2': 未參考的區域變數
c:\users\yao\downloads\blackjack-wzy\blackjack-wzy\bjwzy\source\main.cpp(231): warning C4244: '引數': 將 'time_t' 轉換為 'unsigned int'，由於類型不同，可能導致資料遺失
c:\users\yao\downloads\blackjack-wzy\blackjack-wzy\bjwzy\source\main.cpp(277): warning C4996: 'scanf': This function or variable may be unsafe. Consider using scanf_s instead. To disable deprecation, use _CRT_SECURE_NO_WARNINGS. See online help for details.
  c:\program files (x86)\windows kits\10\include\10.0.17763.0\ucrt\stdio.h(1274): note: 請參閱 'scanf' 的宣告
c:\users\yao\downloads\blackjack-wzy\blackjack-wzy\bjwzy\source\main.cpp(282): warning C4996: 'scanf': This function or variable may be unsafe. Consider using scanf_s instead. To disable deprecation, use _CRT_SECURE_NO_WARNINGS. See online help for details.
  c:\program files (x86)\windows kits\10\include\10.0.17763.0\ucrt\stdio.h(1274): note: 請參閱 'scanf' 的宣告
c:\users\yao\downloads\blackjack-wzy\blackjack-wzy\bjwzy\source\main.cpp(379): warning C4996: 'scanf': This function or variable may be unsafe. Consider using scanf_s instead. To disable deprecation, use _CRT_SECURE_NO_WARNINGS. See online help for details.
  c:\program files (x86)\windows kits\10\include\10.0.17763.0\ucrt\stdio.h(1274): note: 請參閱 'scanf' 的宣告
c:\users\yao\downloads\blackjack-wzy\blackjack-wzy\bjwzy\source\main.cpp(385): warning C4996: 'scanf': This function or variable may be unsafe. Consider using scanf_s instead. To disable deprecation, use _CRT_SECURE_NO_WARNINGS. See online help for details.
  c:\program files (x86)\windows kits\10\include\10.0.17763.0\ucrt\stdio.h(1274): note: 請參閱 'scanf' 的宣告
c:\users\yao\downloads\blackjack-wzy\blackjack-wzy\bjwzy\source\main.cpp(397): warning C4996: 'scanf': This function or variable may be unsafe. Consider using scanf_s instead. To disable deprecation, use _CRT_SECURE_NO_WARNINGS. See online help for details.
  c:\program files (x86)\windows kits\10\include\10.0.17763.0\ucrt\stdio.h(1274): note: 請參閱 'scanf' 的宣告
c:\users\yao\downloads\blackjack-wzy\blackjack-wzy\bjwzy\source\main.cpp(403): warning C4996: 'scanf': This function or variable may be unsafe. Consider using scanf_s instead. To disable deprecation, use _CRT_SECURE_NO_WARNINGS. See online help for details.
  c:\program files (x86)\windows kits\10\include\10.0.17763.0\ucrt\stdio.h(1274): note: 請參閱 'scanf' 的宣告
c:\users\yao\downloads\blackjack-wzy\blackjack-wzy\bjwzy\source\main.cpp(426): warning C4996: 'fopen': This function or variable may be unsafe. Consider using fopen_s instead. To disable deprecation, use _CRT_SECURE_NO_WARNINGS. See online help for details.
  c:\program files (x86)\windows kits\10\include\10.0.17763.0\ucrt\stdio.h(208): note: 請參閱 'fopen' 的宣告
c:\users\yao\downloads\blackjack-wzy\blackjack-wzy\bjwzy\source\main.cpp(618): warning C4996: 'fopen': This function or variable may be unsafe. Consider using fopen_s instead. To disable deprecation, use _CRT_SECURE_NO_WARNINGS. See online help for details.
  c:\program files (x86)\windows kits\10\include\10.0.17763.0\ucrt\stdio.h(208): note: 請參閱 'fopen' 的宣告
  Main.cpp.vcxproj -> C:\Users\Yao\Downloads\blackjack-wzy\blackjack-wzy\BJwzy\Main.cpp\Main.cpp\..\..\temp\debug\Main.cpp.exe
